#
# A fatal error has been detected by the Java Runtime Environment:
#
#  EXCEPTION_ACCESS_VIOLATION (0xc0000005) at pc=0x00000000752f8f45, pid=14932, tid=10808
#
# JRE version: Java(TM) SE Runtime Environment (8.0_91-b14) (build 1.8.0_91-b14)
# Java VM: Java HotSpot(TM) 64-Bit Server VM (25.91-b14 mixed mode windows-amd64 compressed oops)
# Problematic frame:
# V  [jvm.dll+0x128f45]
#
# Failed to write core dump. Minidumps are not enabled by default on client versions of Windows
#
# If you would like to submit a bug report, please visit:
#   http://bugreport.java.com/bugreport/crash.jsp
#

---------------  T H R E A D  ---------------

Current thread (0x0000000016e79800):  JavaThread "JDWP Transport Listener: dt_socket" daemon [_thread_in_vm, id=10808, stack(0x0000000018800000,0x0000000018900000)]

siginfo: ExceptionCode=0xc0000005, reading address 0xffffffffffffffff

Registers:
RAX=0x00000000188ff701, RBX=0x0000000016e79800, RCX=0x654d24746e65746e, RDX=0x0000000000000000
RSP=0x00000000188ff740, RBP=0x654d24746e65746e, RSI=0x00000000188ff858, RDI=0x00000000021d9740
R8 =0x0000000016e79800, R9 =0x0000000000000000, R10=0x0000000000000000, R11=0x0000000000000064
R12=0x0000000000000000, R13=0x0000000016e82038, R14=0x0000000000000000, R15=0x0000000000000000
RIP=0x00000000752f8f45, EFLAGS=0x0000000000010202

Top of Stack: (sp=0x00000000188ff740)
0x00000000188ff740:   0000000016e79800 000000001ed3d3b0
0x00000000188ff750:   00000000188ff808 00000000754ff32b
0x00000000188ff760:   0000000016e79800 000000007551bb8d
0x00000000188ff770:   0000000000000000 00000000504e9155
0x00000000188ff780:   000000001ec15910 00000000504f291e
0x00000000188ff790:   0000000016e79800 0000000000000000
0x00000000188ff7a0:   0000000000000000 0000000000000000
0x00000000188ff7b0:   654d24746e65746e 00000000504f1a15
0x00000000188ff7c0:   00000000188ff858 00000000188ff830
0x00000000188ff7d0:   0000000000000001 000000001ec15910
0x00000000188ff7e0:   654d24746e65746e 00000000504d53b3
0x00000000188ff7f0:   00000000188ff920 0000000000000001
0x00000000188ff800:   0000000000000001 000000001ec15910
0x00000000188ff810:   0000000000000001 0000000000000000
0x00000000188ff820:   0000000000000000 0000000000000000
0x00000000188ff830:   0000000000000001 00000000504d5571 

Instructions: (pc=0x00000000752f8f45)
0x00000000752f8f25:   cc cc cc cc cc cc cc cc cc cc cc 48 83 ec 28 48
0x00000000752f8f35:   85 c9 75 07 33 c0 48 83 c4 28 c3 48 89 5c 24 20
0x00000000752f8f45:   48 8b 19 48 85 db 74 20 48 83 fb 37 74 1a 48 8b
0x00000000752f8f55:   13 48 8b cb ff 52 10 84 c0 74 0d 48 8b c3 48 8b 


Register to memory mapping:

RAX=0x00000000188ff701 is pointing into the stack for thread: 0x0000000016e79800
RBX=0x0000000016e79800 is a thread
RCX=0x654d24746e65746e is an unknown value
RDX=0x0000000000000000 is an unknown value
RSP=0x00000000188ff740 is pointing into the stack for thread: 0x0000000016e79800
RBP=0x654d24746e65746e is an unknown value
RSI=0x00000000188ff858 is pointing into the stack for thread: 0x0000000016e79800
RDI=0x00000000021d9740 is an unknown value
R8 =0x0000000016e79800 is a thread
R9 =0x0000000000000000 is an unknown value
R10=0x0000000000000000 is an unknown value
R11=0x0000000000000064 is an unknown value
R12=0x0000000000000000 is an unknown value
R13=0x0000000016e82038 is an unknown value
R14=0x0000000000000000 is an unknown value
R15=0x0000000000000000 is an unknown value


Stack: [0x0000000018800000,0x0000000018900000],  sp=0x00000000188ff740,  free space=1021k
Native frames: (J=compiled Java code, j=interpreted, Vv=VM code, C=native code)
V  [jvm.dll+0x128f45]
V  [jvm.dll+0x34bb8d]
C  [jdwp.dll+0x21a15]
C  [jdwp.dll+0x53b3]
C  [jdwp.dll+0x5571]
C  [jdwp.dll+0xf0a8]
C  [jdwp.dll+0x1f2d5]
C  [jdwp.dll+0x1f4aa]
V  [jvm.dll+0x1bbf38]
V  [jvm.dll+0x243ae4]
V  [jvm.dll+0x29a99a]
C  [msvcr100.dll+0x21d9f]
C  [msvcr100.dll+0x21e3b]
C  [KERNEL32.DLL+0x18102]
C  [ntdll.dll+0x5c5b4]


---------------  P R O C E S S  ---------------

Java Threads: ( => current thread )
  0x0000000016ea4000 JavaThread "Prism Font Disposer" daemon [_thread_blocked, id=6740, stack(0x00000000218a0000,0x00000000219a0000)]
  0x0000000016e9e000 JavaThread "Abandoned connection cleanup thread" daemon [_thread_blocked, id=12496, stack(0x000000001e8d0000,0x000000001e9d0000)]
  0x0000000016ea2800 JavaThread "Thread-3" daemon [_thread_in_native, id=17752, stack(0x000000001e5f0000,0x000000001e6f0000)]
  0x0000000016ea1800 JavaThread "JavaFX-Launcher" [_thread_blocked, id=17524, stack(0x000000001e6f0000,0x000000001e7f0000)]
  0x0000000016ea0000 JavaThread "JavaFX Application Thread" [_thread_in_native, id=10492, stack(0x0000000019f60000,0x000000001a060000)]
  0x0000000016ea1000 JavaThread "Thread-1" daemon [_thread_blocked, id=11792, stack(0x0000000019e60000,0x0000000019f60000)]
  0x0000000019411000 JavaThread "QuantumRenderer-0" daemon [_thread_blocked, id=9388, stack(0x0000000019c00000,0x0000000019d00000)]
  0x0000000018e4f000 JavaThread "Service Thread" daemon [_thread_blocked, id=2904, stack(0x0000000019200000,0x0000000019300000)]
  0x0000000016e9f800 JavaThread "C1 CompilerThread2" daemon [_thread_blocked, id=9808, stack(0x0000000018d00000,0x0000000018e00000)]
  0x0000000016e9d000 JavaThread "C2 CompilerThread1" daemon [_thread_blocked, id=6436, stack(0x0000000018c00000,0x0000000018d00000)]
  0x0000000016e9a800 JavaThread "C2 CompilerThread0" daemon [_thread_blocked, id=11928, stack(0x0000000018b00000,0x0000000018c00000)]
  0x0000000016e88000 JavaThread "JDWP Command Reader" daemon [_thread_in_native, id=10040, stack(0x0000000018a00000,0x0000000018b00000)]
  0x0000000016e87000 JavaThread "JDWP Event Helper Thread" daemon [_thread_blocked, id=11944, stack(0x0000000018900000,0x0000000018a00000)]
=>0x0000000016e79800 JavaThread "JDWP Transport Listener: dt_socket" daemon [_thread_in_vm, id=10808, stack(0x0000000018800000,0x0000000018900000)]
  0x0000000016e6d000 JavaThread "Attach Listener" daemon [_thread_blocked, id=5820, stack(0x00000000183c0000,0x00000000184c0000)]
  0x0000000016e6c000 JavaThread "Signal Dispatcher" daemon [_thread_blocked, id=1472, stack(0x00000000182c0000,0x00000000183c0000)]
  0x0000000016e59800 JavaThread "Finalizer" daemon [_thread_blocked, id=15068, stack(0x00000000180e0000,0x00000000181e0000)]
  0x00000000022e1000 JavaThread "Reference Handler" daemon [_thread_blocked, id=7108, stack(0x0000000017fe0000,0x00000000180e0000)]
  0x00000000021de000 JavaThread "main" [_thread_blocked, id=12264, stack(0x0000000002090000,0x0000000002190000)]

Other Threads:
  0x0000000016e37800 VMThread [stack: 0x0000000017ee0000,0x0000000017fe0000] [id=3008]
  0x0000000018e54800 WatcherThread [stack: 0x0000000019300000,0x0000000019400000] [id=9836]

VM state:not at safepoint (normal execution)

VM Mutex/Monitor currently owned by a thread: None

Heap:
 PSYoungGen      total 38400K, used 19002K [0x00000000d5b80000, 0x00000000d8600000, 0x0000000100000000)
  eden space 33280K, 57% used [0x00000000d5b80000,0x00000000d6e0e948,0x00000000d7c00000)
  from space 5120K, 0% used [0x00000000d8100000,0x00000000d8100000,0x00000000d8600000)
  to   space 5120K, 0% used [0x00000000d7c00000,0x00000000d7c00000,0x00000000d8100000)
 ParOldGen       total 72192K, used 10036K [0x0000000081200000, 0x0000000085880000, 0x00000000d5b80000)
  object space 72192K, 13% used [0x0000000081200000,0x0000000081bcd2c0,0x0000000085880000)
 Metaspace       used 23598K, capacity 25164K, committed 25264K, reserved 1071104K
  class space    used 3388K, capacity 3661K, committed 3760K, reserved 1048576K

Card table byte_map: [0x00000000116b0000,0x0000000011ab0000] byte_map_base: 0x00000000112a7000

Marking Bits: (ParMarkBitMap*) 0x00000000759e2f70
 Begin Bits: [0x0000000012160000, 0x0000000014118000)
 End Bits:   [0x0000000014118000, 0x00000000160d0000)

Polling page: 0x0000000000420000

CodeCache: size=245760Kb used=10153Kb max_used=10153Kb free=235606Kb
 bounds [0x00000000022f0000, 0x0000000002ce0000, 0x00000000112f0000]
 total_blobs=3886 nmethods=3148 adapters=656
 compilation: enabled

Compilation events (10 events):
Event: 89.749 Thread 0x0000000016e9d000 nmethod 3182 0x0000000002ccd050 code [0x0000000002ccd1c0, 0x0000000002ccd298]
Event: 89.749 Thread 0x0000000016e9f800 nmethod 3178 0x0000000002cdd610 code [0x0000000002cdd7a0, 0x0000000002cddcd0]
Event: 89.749 Thread 0x0000000016e9f800 3179       3       javafx.scene.layout.Region$StyleableProperties$7::isSettable (23 bytes)
Event: 89.750 Thread 0x0000000016e9f800 nmethod 3179 0x0000000002cdd010 code [0x0000000002cdd180, 0x0000000002cdd4d0]
Event: 89.750 Thread 0x0000000016e9f800 3180       3       javafx.scene.layout.Region$StyleableProperties$12::isSettable (9 bytes)
Event: 89.750 Thread 0x0000000016e9f800 nmethod 3180 0x0000000002cdebd0 code [0x0000000002cded60, 0x0000000002cdf290]
Event: 89.750 Thread 0x0000000016e9f800 3181       3       javafx.scene.layout.Region$StyleableProperties$12::isSettable (23 bytes)
Event: 89.752 Thread 0x0000000016e9f800 nmethod 3181 0x0000000002cdf410 code [0x0000000002cdf580, 0x0000000002cdf8d0]
Event: 89.752 Thread 0x0000000016e9f800 3183       3       com.sun.prism.impl.ManagedResource::bumpAge (18 bytes)
Event: 89.752 Thread 0x0000000016e9f800 nmethod 3183 0x0000000002cdfa10 code [0x0000000002cdfb60, 0x0000000002cdfcf0]

GC Heap History (6 events):
Event: 1.279 GC heap before
{Heap before GC invocations=1 (full 0):
 PSYoungGen      total 38400K, used 33280K [0x00000000d5b80000, 0x00000000d8600000, 0x0000000100000000)
  eden space 33280K, 100% used [0x00000000d5b80000,0x00000000d7c00000,0x00000000d7c00000)
  from space 5120K, 0% used [0x00000000d8100000,0x00000000d8100000,0x00000000d8600000)
  to   space 5120K, 0% used [0x00000000d7c00000,0x00000000d7c00000,0x00000000d8100000)
 ParOldGen       total 87552K, used 0K [0x0000000081200000, 0x0000000086780000, 0x00000000d5b80000)
  object space 87552K, 0% used [0x0000000081200000,0x0000000081200000,0x0000000086780000)
 Metaspace       used 16124K, capacity 16596K, committed 16896K, reserved 1064960K
  class space    used 2072K, capacity 2219K, committed 2304K, reserved 1048576K
Event: 1.287 GC heap after
Heap after GC invocations=1 (full 0):
 PSYoungGen      total 38400K, used 5118K [0x00000000d5b80000, 0x00000000d8600000, 0x0000000100000000)
  eden space 33280K, 0% used [0x00000000d5b80000,0x00000000d5b80000,0x00000000d7c00000)
  from space 5120K, 99% used [0x00000000d7c00000,0x00000000d80ffad0,0x00000000d8100000)
  to   space 5120K, 0% used [0x00000000d8100000,0x00000000d8100000,0x00000000d8600000)
 ParOldGen       total 87552K, used 1726K [0x0000000081200000, 0x0000000086780000, 0x00000000d5b80000)
  object space 87552K, 1% used [0x0000000081200000,0x00000000813af9b8,0x0000000086780000)
 Metaspace       used 16124K, capacity 16596K, committed 16896K, reserved 1064960K
  class space    used 2072K, capacity 2219K, committed 2304K, reserved 1048576K
}
Event: 4.006 GC heap before
{Heap before GC invocations=2 (full 0):
 PSYoungGen      total 38400K, used 21830K [0x00000000d5b80000, 0x00000000d8600000, 0x0000000100000000)
  eden space 33280K, 50% used [0x00000000d5b80000,0x00000000d6bd1f90,0x00000000d7c00000)
  from space 5120K, 99% used [0x00000000d7c00000,0x00000000d80ffad0,0x00000000d8100000)
  to   space 5120K, 0% used [0x00000000d8100000,0x00000000d8100000,0x00000000d8600000)
 ParOldGen       total 87552K, used 1726K [0x0000000081200000, 0x0000000086780000, 0x00000000d5b80000)
  object space 87552K, 1% used [0x0000000081200000,0x00000000813af9b8,0x0000000086780000)
 Metaspace       used 20407K, capacity 21250K, committed 21296K, reserved 1067008K
  class space    used 2932K, capacity 3112K, committed 3120K, reserved 1048576K
Event: 4.016 GC heap after
Heap after GC invocations=2 (full 0):
 PSYoungGen      total 38400K, used 5104K [0x00000000d5b80000, 0x00000000d8600000, 0x0000000100000000)
  eden space 33280K, 0% used [0x00000000d5b80000,0x00000000d5b80000,0x00000000d7c00000)
  from space 5120K, 99% used [0x00000000d8100000,0x00000000d85fc070,0x00000000d8600000)
  to   space 5120K, 0% used [0x00000000d7c00000,0x00000000d7c00000,0x00000000d8100000)
 ParOldGen       total 87552K, used 6169K [0x0000000081200000, 0x0000000086780000, 0x00000000d5b80000)
  object space 87552K, 7% used [0x0000000081200000,0x0000000081806758,0x0000000086780000)
 Metaspace       used 20407K, capacity 21250K, committed 21296K, reserved 1067008K
  class space    used 2932K, capacity 3112K, committed 3120K, reserved 1048576K
}
Event: 4.016 GC heap before
{Heap before GC invocations=3 (full 1):
 PSYoungGen      total 38400K, used 5104K [0x00000000d5b80000, 0x00000000d8600000, 0x0000000100000000)
  eden space 33280K, 0% used [0x00000000d5b80000,0x00000000d5b80000,0x00000000d7c00000)
  from space 5120K, 99% used [0x00000000d8100000,0x00000000d85fc070,0x00000000d8600000)
  to   space 5120K, 0% used [0x00000000d7c00000,0x00000000d7c00000,0x00000000d8100000)
 ParOldGen       total 87552K, used 6169K [0x0000000081200000, 0x0000000086780000, 0x00000000d5b80000)
  object space 87552K, 7% used [0x0000000081200000,0x0000000081806758,0x0000000086780000)
 Metaspace       used 20407K, capacity 21250K, committed 21296K, reserved 1067008K
  class space    used 2932K, capacity 3112K, committed 3120K, reserved 1048576K
Event: 4.062 GC heap after
Heap after GC invocations=3 (full 1):
 PSYoungGen      total 38400K, used 0K [0x00000000d5b80000, 0x00000000d8600000, 0x0000000100000000)
  eden space 33280K, 0% used [0x00000000d5b80000,0x00000000d5b80000,0x00000000d7c00000)
  from space 5120K, 0% used [0x00000000d8100000,0x00000000d8100000,0x00000000d8600000)
  to   space 5120K, 0% used [0x00000000d7c00000,0x00000000d7c00000,0x00000000d8100000)
 ParOldGen       total 72192K, used 10036K [0x0000000081200000, 0x0000000085880000, 0x00000000d5b80000)
  object space 72192K, 13% used [0x0000000081200000,0x0000000081bcd2c0,0x0000000085880000)
 Metaspace       used 20407K, capacity 21250K, committed 21296K, reserved 1067008K
  class space    used 2932K, capacity 3112K, committed 3120K, reserved 1048576K
}

Deoptimization events (10 events):
Event: 4.130 Thread 0x0000000016ea0000 Uncommon trap: reason=array_check action=maybe_recompile pc=0x00000000028586d4 method=com.sun.javafx.css.SimpleSelector.applies(Ljavafx/css/Styleable;[Ljava/util/Set;I)Z @ 37
Event: 4.234 Thread 0x0000000016ea0000 Uncommon trap: reason=unstable_if action=reinterpret pc=0x000000000290a5c8 method=com.sun.javafx.css.CompoundSelector.applies(Ljavafx/css/Styleable;I[Ljava/util/Set;I)Z @ 125
Event: 4.294 Thread 0x0000000016ea0000 Uncommon trap: reason=unstable_if action=reinterpret pc=0x00000000027b7284 method=com.sun.javafx.css.BitSet.add(Ljava/lang/Object;)Z @ 91
Event: 8.650 Thread 0x0000000016ea0000 Uncommon trap: reason=unstable_if action=reinterpret pc=0x00000000029270c4 method=jdk.internal.org.objectweb.asm.Item.isEqualTo(Ljdk/internal/org/objectweb/asm/Item;)Z @ 331
Event: 14.348 Thread 0x0000000016ea0000 Uncommon trap: reason=unstable_if action=reinterpret pc=0x000000000282a36c method=java.util.concurrent.ConcurrentHashMap.putVal(Ljava/lang/Object;Ljava/lang/Object;Z)Ljava/lang/Object; @ 206
Event: 72.551 Thread 0x0000000016ea0000 Uncommon trap: reason=array_check action=maybe_recompile pc=0x0000000002c93f00 method=com.sun.javafx.css.CompoundSelector.applies(Ljavafx/css/Styleable;[Ljava/util/Set;I)Z @ 128
Event: 72.551 Thread 0x0000000016ea0000 Uncommon trap: reason=array_check action=maybe_recompile pc=0x0000000002c93f00 method=com.sun.javafx.css.CompoundSelector.applies(Ljavafx/css/Styleable;[Ljava/util/Set;I)Z @ 128
Event: 72.551 Thread 0x0000000016ea0000 Uncommon trap: reason=array_check action=maybe_recompile pc=0x0000000002c93f00 method=com.sun.javafx.css.CompoundSelector.applies(Ljavafx/css/Styleable;[Ljava/util/Set;I)Z @ 128
Event: 72.551 Thread 0x0000000016ea0000 Uncommon trap: reason=array_check action=maybe_recompile pc=0x0000000002c93f00 method=com.sun.javafx.css.CompoundSelector.applies(Ljavafx/css/Styleable;[Ljava/util/Set;I)Z @ 128
Event: 72.554 Thread 0x0000000016ea0000 Uncommon trap: reason=unstable_if action=reinterpret pc=0x0000000002c7dda8 method=javafx.scene.Node.updateBounds()V @ 70

Internal exceptions (10 events):
Event: 1.095 Thread 0x0000000016ea0000 Exception <a 'java/lang/ArrayIndexOutOfBoundsException'> (0x00000000d770c1a0) thrown at [C:\re\workspace\8-2-build-windows-amd64-cygwin\jdk8u91\6644\hotspot\src\share\vm\runtime\sharedRuntime.cpp, line 605]
Event: 3.104 Thread 0x0000000016ea0000 Exception <a 'java/lang/ArrayIndexOutOfBoundsException'> (0x00000000d6353b88) thrown at [C:\re\workspace\8-2-build-windows-amd64-cygwin\jdk8u91\6644\hotspot\src\share\vm\runtime\sharedRuntime.cpp, line 605]
Event: 3.106 Thread 0x0000000016ea0000 Exception <a 'java/lang/ArrayIndexOutOfBoundsException'> (0x00000000d6364740) thrown at [C:\re\workspace\8-2-build-windows-amd64-cygwin\jdk8u91\6644\hotspot\src\share\vm\runtime\sharedRuntime.cpp, line 605]
Event: 3.137 Thread 0x0000000016ea0000 Exception <a 'java/lang/ArrayIndexOutOfBoundsException'> (0x00000000d64b27c0) thrown at [C:\re\workspace\8-2-build-windows-amd64-cygwin\jdk8u91\6644\hotspot\src\share\vm\runtime\sharedRuntime.cpp, line 605]
Event: 3.183 Thread 0x0000000016ea0000 Implicit null exception at 0x0000000002810af2 to 0x0000000002811101
Event: 3.994 Thread 0x0000000016ea0000 Exception <a 'java/lang/ArrayIndexOutOfBoundsException'> (0x00000000d6b5ed48) thrown at [C:\re\workspace\8-2-build-windows-amd64-cygwin\jdk8u91\6644\hotspot\src\share\vm\runtime\sharedRuntime.cpp, line 605]
Event: 4.089 Thread 0x0000000016ea0000 Exception <a 'java/lang/ArrayIndexOutOfBoundsException'> (0x00000000d5d336c8) thrown at [C:\re\workspace\8-2-build-windows-amd64-cygwin\jdk8u91\6644\hotspot\src\share\vm\runtime\sharedRuntime.cpp, line 605]
Event: 4.089 Thread 0x0000000016ea0000 Exception <a 'java/lang/ArrayIndexOutOfBoundsException'> (0x00000000d5d348b0) thrown at [C:\re\workspace\8-2-build-windows-amd64-cygwin\jdk8u91\6644\hotspot\src\share\vm\runtime\sharedRuntime.cpp, line 605]
Event: 4.089 Thread 0x0000000016ea0000 Exception <a 'java/lang/ArrayIndexOutOfBoundsException'> (0x00000000d5d361f0) thrown at [C:\re\workspace\8-2-build-windows-amd64-cygwin\jdk8u91\6644\hotspot\src\share\vm\runtime\sharedRuntime.cpp, line 605]
Event: 4.110 Thread 0x0000000016ea0000 Exception <a 'java/lang/ArrayIndexOutOfBoundsException'> (0x00000000d5de8748) thrown at [C:\re\workspace\8-2-build-windows-amd64-cygwin\jdk8u91\6644\hotspot\src\share\vm\runtime\sharedRuntime.cpp, line 605]

Events (10 events):
Event: 75.414 loading class com/sun/prism/shader/FillRoundRect_Color_Loader
Event: 75.414 loading class com/sun/prism/shader/FillRoundRect_Color_Loader done
Event: 75.418 loading class com/sun/scenario/effect/impl/state/BoxRenderState$1
Event: 75.418 loading class com/sun/scenario/effect/impl/state/BoxRenderState$1 done
Event: 75.424 Executing VM operation: RevokeBias
Event: 75.424 Executing VM operation: RevokeBias done
Event: 75.424 Executing VM operation: RevokeBias
Event: 75.424 Executing VM operation: RevokeBias done
Event: 92.755 Executing VM operation: RedefineClasses
Event: 92.780 Executing VM operation: RedefineClasses done


Dynamic libraries:
0x00007ff76ff60000 - 0x00007ff76ff97000 	C:\Program Files\Java\jre1.8.0_91\bin\javaw.exe
0x00007ffc0b7c0000 - 0x00007ffc0b981000 	C:\WINDOWS\SYSTEM32\ntdll.dll
0x00007ffc0adb0000 - 0x00007ffc0ae5d000 	C:\WINDOWS\system32\KERNEL32.DLL
0x00007ffc081a0000 - 0x00007ffc08388000 	C:\WINDOWS\system32\KERNELBASE.dll
0x00007ffc08e90000 - 0x00007ffc08f37000 	C:\WINDOWS\system32\ADVAPI32.dll
0x00007ffc0b570000 - 0x00007ffc0b60d000 	C:\WINDOWS\system32\msvcrt.dll
0x00007ffc0ad50000 - 0x00007ffc0adab000 	C:\WINDOWS\system32\sechost.dll
0x00007ffc09490000 - 0x00007ffc095ac000 	C:\WINDOWS\system32\RPCRT4.dll
0x00007ffc08bd0000 - 0x00007ffc08d26000 	C:\WINDOWS\system32\USER32.dll
0x00007ffc0b210000 - 0x00007ffc0b396000 	C:\WINDOWS\system32\GDI32.dll
0x00007ffc01500000 - 0x00007ffc01774000 	C:\WINDOWS\WinSxS\amd64_microsoft.windows.common-controls_6595b64144ccf1df_6.0.10586.0_none_8c15ae12515e1c22\COMCTL32.dll
0x00007ffc0af80000 - 0x00007ffc0b1fd000 	C:\WINDOWS\system32\combase.dll
0x00007ffc08450000 - 0x00007ffc084ba000 	C:\WINDOWS\system32\bcryptPrimitives.dll
0x00007ffc09380000 - 0x00007ffc093bb000 	C:\WINDOWS\system32\IMM32.DLL
0x0000000050550000 - 0x0000000050622000 	C:\Program Files\Java\jre1.8.0_91\bin\msvcr100.dll
0x00000000751d0000 - 0x0000000075a63000 	C:\Program Files\Java\jre1.8.0_91\bin\server\jvm.dll
0x00007ffc0b200000 - 0x00007ffc0b208000 	C:\WINDOWS\system32\PSAPI.DLL
0x00007ffc063d0000 - 0x00007ffc063f3000 	C:\WINDOWS\SYSTEM32\WINMM.dll
0x00007ffbfd0c0000 - 0x00007ffbfd0ca000 	C:\WINDOWS\SYSTEM32\VERSION.dll
0x00007ffbfc540000 - 0x00007ffbfc549000 	C:\WINDOWS\SYSTEM32\WSOCK32.dll
0x00007ffc09420000 - 0x00007ffc0948b000 	C:\WINDOWS\system32\WS2_32.dll
0x00007ffc063a0000 - 0x00007ffc063cc000 	C:\WINDOWS\SYSTEM32\WINMMBASE.dll
0x00007ffc07ed0000 - 0x00007ffc07f13000 	C:\WINDOWS\system32\cfgmgr32.dll
0x0000000050540000 - 0x000000005054f000 	C:\Program Files\Java\jre1.8.0_91\bin\verify.dll
0x0000000050510000 - 0x0000000050539000 	C:\Program Files\Java\jre1.8.0_91\bin\java.dll
0x00000000504d0000 - 0x0000000050505000 	C:\Program Files\Java\jre1.8.0_91\bin\jdwp.dll
0x00000000504c0000 - 0x00000000504c8000 	C:\Program Files\Java\jre1.8.0_91\bin\npt.dll
0x00000000504a0000 - 0x00000000504b6000 	C:\Program Files\Java\jre1.8.0_91\bin\zip.dll
0x00007ffc097f0000 - 0x00007ffc0ad4c000 	C:\WINDOWS\system32\SHELL32.dll
0x00007ffc084c0000 - 0x00007ffc08b05000 	C:\WINDOWS\system32\windows.storage.dll
0x00007ffc093c0000 - 0x00007ffc09412000 	C:\WINDOWS\system32\shlwapi.dll
0x00007ffc07e00000 - 0x00007ffc07e0f000 	C:\WINDOWS\system32\kernel.appcore.dll
0x00007ffc08390000 - 0x00007ffc08445000 	C:\WINDOWS\system32\shcore.dll
0x00007ffc07e10000 - 0x00007ffc07e5b000 	C:\WINDOWS\system32\powrprof.dll
0x00007ffc07de0000 - 0x00007ffc07df4000 	C:\WINDOWS\system32\profapi.dll
0x0000000050490000 - 0x0000000050499000 	C:\Program Files\Java\jre1.8.0_91\bin\dt_socket.dll
0x00007ffbf8630000 - 0x00007ffbf8646000 	C:\WINDOWS\system32\napinsp.dll
0x00007ffbf8570000 - 0x00007ffbf858a000 	C:\WINDOWS\system32\pnrpnsp.dll
0x00007ffc05d70000 - 0x00007ffc05d88000 	C:\WINDOWS\system32\NLAapi.dll
0x00007ffc076b0000 - 0x00007ffc0770c000 	C:\WINDOWS\System32\mswsock.dll
0x00007ffc06760000 - 0x00007ffc0680a000 	C:\WINDOWS\SYSTEM32\DNSAPI.dll
0x00007ffc08bc0000 - 0x00007ffc08bc8000 	C:\WINDOWS\system32\NSI.dll
0x00007ffbf8560000 - 0x00007ffbf856d000 	C:\WINDOWS\System32\winrnr.dll
0x00007ffbf8600000 - 0x00007ffbf8615000 	C:\WINDOWS\System32\wshbth.dll
0x00007ffc01860000 - 0x00007ffc018c7000 	C:\WINDOWS\System32\fwpuclnt.dll
0x00007ffc07d10000 - 0x00007ffc07d39000 	C:\WINDOWS\SYSTEM32\bcrypt.dll
0x00007ffbfa740000 - 0x00007ffbfa74a000 	C:\Windows\System32\rasadhlp.dll
0x00007ffbe4da0000 - 0x00007ffbe4e8f000 	C:\Program Files\Java\jre1.8.0_91\bin\msvcr120.dll
0x00007ffbe4cf0000 - 0x00007ffbe4d96000 	C:\Program Files\Java\jre1.8.0_91\bin\msvcp120.dll
0x0000000050460000 - 0x0000000050483000 	C:\Program Files\Java\jre1.8.0_91\bin\prism_d3d.dll
0x00007ffbdb940000 - 0x00007ffbdbb50000 	C:\WINDOWS\system32\d3d9.dll
0x00007ffc04ea0000 - 0x00007ffc04ec2000 	C:\WINDOWS\SYSTEM32\dwmapi.dll
0x00007ffc06810000 - 0x00007ffc068a6000 	C:\WINDOWS\system32\uxtheme.dll
0x00007ffbe1cd0000 - 0x00007ffbe3d89000 	C:\WINDOWS\SYSTEM32\igdumdim64.dll
0x00007ffc08f40000 - 0x00007ffc09369000 	C:\WINDOWS\system32\SETUPAPI.dll
0x00007ffc09610000 - 0x00007ffc096d1000 	C:\WINDOWS\system32\OLEAUT32.dll
0x00007ffc0b420000 - 0x00007ffc0b563000 	C:\WINDOWS\system32\ole32.dll
0x0000000050410000 - 0x0000000050453000 	C:\Program Files\Java\jre1.8.0_91\bin\glass.dll
0x00007ffc096e0000 - 0x00007ffc097eb000 	C:\WINDOWS\system32\COMDLG32.dll
0x00007ffc08b10000 - 0x00007ffc08b96000 	C:\WINDOWS\system32\FirewallAPI.dll
0x00007ffc08ba0000 - 0x00007ffc08bb7000 	C:\WINDOWS\system32\NETAPI32.dll
0x00007ffc01250000 - 0x00007ffc0125c000 	C:\WINDOWS\SYSTEM32\DAVHLPR.DLL
0x00007ffc06b60000 - 0x00007ffc06b92000 	C:\WINDOWS\SYSTEM32\fwbase.dll
0x00007ffc08d30000 - 0x00007ffc08e8a000 	C:\WINDOWS\system32\MSCTF.dll
0x00007ffc018d0000 - 0x00007ffc022ef000 	C:\WINDOWS\SYSTEM32\igdusc64.dll
0x00000000503f0000 - 0x000000005040a000 	C:\Program Files\Java\jre1.8.0_91\bin\net.dll
0x00000000503d0000 - 0x00000000503e4000 	C:\Program Files\Java\jre1.8.0_91\bin\javafx_font.dll
0x00007ffbfe350000 - 0x00007ffbfe5b0000 	C:\WINDOWS\SYSTEM32\dwrite.dll
0x00007ffc0aed0000 - 0x00007ffc0af77000 	C:\WINDOWS\system32\clbcatq.dll
0x00007ffc04240000 - 0x00007ffc043f1000 	C:\WINDOWS\SYSTEM32\WindowsCodecs.dll
0x00007ffbfc0a0000 - 0x00007ffbfc0ea000 	C:\WINDOWS\system32\dataexchange.dll
0x00007ffc04ad0000 - 0x00007ffc04d78000 	C:\WINDOWS\system32\d3d11.dll
0x00007ffc062b0000 - 0x00007ffc06393000 	C:\WINDOWS\system32\dcomp.dll
0x00007ffc049d0000 - 0x00007ffc04a73000 	C:\WINDOWS\system32\dxgi.dll
0x00007ffc06900000 - 0x00007ffc06a00000 	C:\WINDOWS\system32\twinapi.appcore.dll
0x00007ffc02590000 - 0x00007ffc025c4000 	C:\Program Files\Common Files\Microsoft Shared\Ink\rtscom.dll
0x00000000503b0000 - 0x00000000503c1000 	C:\Program Files\Java\jre1.8.0_91\bin\prism_common.dll
0x00007ffbf9a70000 - 0x00007ffbf9bfc000 	C:\WINDOWS\SYSTEM32\dbghelp.dll

VM Arguments:
jvm_args: -agentlib:jdwp=transport=dt_socket,suspend=y,address=localhost:61418 -Dfile.encoding=Cp1252 
java_command: be.leerstad.EindwerkChezJava.View
java_class_path (initial): C:\Users\wouter\Documents\2015-16 Avondschool\Programmeren III\workspaceOefeningen\EindwerkChezJava\bin;C:\Program Files\eclipse\plugins\org.junit_4.12.0.v201504281640\junit.jar;C:\Program Files\eclipse\plugins\org.hamcrest.core_1.3.0.v201303031735.jar;C:\Users\wouter\.eclipse\org.eclipse.platform_4.5.2_1709980481_win32_win32_x86_64\plugins\org.eclipse.fx.ide.css.jfx8_1.2.0.201501301049.jar;C:\Users\wouter\Documents\2015-16 Avondschool\Programmeren III\workspaceOefeningen\EindwerkChezJava\src\lib\log4j-1.2.17.jar;C:\Users\wouter\Documents\2015-16 Avondschool\Programmeren III\workspaceOefeningen\EindwerkChezJava\src\lib\mail-1.4.7.jar;C:\Users\wouter\Documents\2015-16 Avondschool\Programmeren III\workspaceOefeningen\EindwerkChezJava\src\lib\mysql-connector-java-5.1.38.jar;C:\Users\wouter\Documents\2015-16 Avondschool\Programmeren III\workspaceOefeningen\EindwerkChezJava\src\lib\jfxswt.jar
Launcher Type: SUN_STANDARD

Environment Variables:
PATH=C:/Program Files/Java/jdk1.8.0_91/bin/../jre/bin/server;C:/Program Files/Java/jdk1.8.0_91/bin/../jre/bin;C:/Program Files/Java/jdk1.8.0_91/bin/../jre/lib/amd64;C:\Program Files\Java\jdk1.8.0_91\bin;C:\ProgramData\Oracle\Java\javapath;C:\WINDOWS;C:\WINDOWS\System32\Wbem;C:\WINDOWS\System32\WindowsPowerShell\v1.0\;C:\Program Files (x86)\MySQL\MySQL Fabric 1.5 & MySQL Utilities 1.5\;C:\Program Files (x86)\MySQL\MySQL Fabric 1.5 & MySQL Utilities 1.5\Doctrine extensions for PHP\;C:\Program Files\OpenVPN\bin;C:\Program Files\Java\jdk1.8.0_91\bin;C:\Program Files\eclipse;
USERNAME=wouter
OS=Windows_NT
PROCESSOR_IDENTIFIER=Intel64 Family 6 Model 61 Stepping 4, GenuineIntel



---------------  S Y S T E M  ---------------

OS: Windows 10.0 , 64 bit Build 10586 (10.0.10586.0)

CPU:total 4 (2 cores per cpu, 2 threads per core) family 6 model 61 stepping 4, cmov, cx8, fxsr, mmx, sse, sse2, sse3, ssse3, sse4.1, sse4.2, popcnt, avx, avx2, aes, clmul, erms, 3dnowpref, lzcnt, ht, tsc, tscinvbit, bmi1, bmi2, adx

Memory: 4k page, physical 8309008k(3538744k free), swap 10582084k(2001340k free)

vm_info: Java HotSpot(TM) 64-Bit Server VM (25.91-b14) for windows-amd64 JRE (1.8.0_91-b14), built on Apr  1 2016 00:58:32 by "java_re" with MS VC++ 10.0 (VS2010)

time: Wed May 11 16:11:51 2016
elapsed time: 92 seconds (0d 0h 1m 32s)

